<?xml version="1.0" encoding="UTF-8"?>
<testsuite name="micronaut.starter.kit.AppTest" tests="1" skipped="0" failures="0" errors="0" timestamp="2020-02-04T22:00:30" hostname="E580" time="0.015">
  <properties/>
  <testcase name="appHasAGreeting()" classname="micronaut.starter.kit.AppTest" time="0.015"/>
  <system-out><![CDATA[]]></system-out>
  <system-err><![CDATA[]]></system-err>
</testsuite>
